{"/Users/jason/dev/gibu/src/ui.js": {"path":"/Users/jason/dev/gibu/src/ui.js","statementMap":{"0":{"start":{"line":11,"column":23},"end":{"line":11,"column":42}},"1":{"start":{"line":12,"column":28},"end":{"line":12,"column":46}},"2":{"start":{"line":13,"column":21},"end":{"line":13,"column":41}},"3":{"start":{"line":14,"column":16},"end":{"line":14,"column":31}},"4":{"start":{"line":15,"column":19},"end":{"line":15,"column":23}},"5":{"start":{"line":17,"column":31},"end":{"line":26,"column":1}},"6":{"start":{"line":18,"column":20},"end":{"line":18,"column":44}},"7":{"start":{"line":19,"column":18},"end":{"line":19,"column":53}},"8":{"start":{"line":20,"column":21},"end":{"line":20,"column":38}},"9":{"start":{"line":21,"column":4},"end":{"line":25,"column":11}},"10":{"start":{"line":27,"column":27},"end":{"line":32,"column":6}},"11":{"start":{"line":27,"column":56},"end":{"line":32,"column":6}},"12":{"start":{"line":33,"column":31},"end":{"line":48,"column":1}},"13":{"start":{"line":34,"column":24},"end":{"line":34,"column":135}},"14":{"start":{"line":35,"column":4},"end":{"line":47,"column":11}},"15":{"start":{"line":49,"column":20},"end":{"line":156,"column":1}},"16":{"start":{"line":50,"column":41},"end":{"line":50,"column":46}},"17":{"start":{"line":58,"column":8},"end":{"line":58,"column":13}},"18":{"start":{"line":59,"column":19},"end":{"line":59,"column":41}},"19":{"start":{"line":60,"column":52},"end":{"line":60,"column":72}},"20":{"start":{"line":61,"column":30},"end":{"line":61,"column":42}},"21":{"start":{"line":62,"column":30},"end":{"line":62,"column":42}},"22":{"start":{"line":63,"column":44},"end":{"line":63,"column":56}},"23":{"start":{"line":64,"column":30},"end":{"line":64,"column":41}},"24":{"start":{"line":65,"column":36},"end":{"line":65,"column":55}},"25":{"start":{"line":66,"column":30},"end":{"line":66,"column":49}},"26":{"start":{"line":67,"column":18},"end":{"line":71,"column":5}},"27":{"start":{"line":68,"column":8},"end":{"line":68,"column":21}},"28":{"start":{"line":69,"column":8},"end":{"line":69,"column":31}},"29":{"start":{"line":70,"column":8},"end":{"line":70,"column":20}},"30":{"start":{"line":72,"column":25},"end":{"line":90,"column":5}},"31":{"start":{"line":73,"column":31},"end":{"line":73,"column":72}},"32":{"start":{"line":74,"column":29},"end":{"line":74,"column":126}},"33":{"start":{"line":74,"column":38},"end":{"line":74,"column":126}},"34":{"start":{"line":74,"column":72},"end":{"line":74,"column":100}},"35":{"start":{"line":75,"column":8},"end":{"line":88,"column":9}},"36":{"start":{"line":77,"column":12},"end":{"line":82,"column":13}},"37":{"start":{"line":78,"column":16},"end":{"line":78,"column":39}},"38":{"start":{"line":80,"column":16},"end":{"line":80,"column":66}},"39":{"start":{"line":81,"column":16},"end":{"line":81,"column":24}},"40":{"start":{"line":83,"column":12},"end":{"line":87,"column":13}},"41":{"start":{"line":84,"column":16},"end":{"line":84,"column":36}},"42":{"start":{"line":85,"column":16},"end":{"line":85,"column":32}},"43":{"start":{"line":86,"column":16},"end":{"line":86,"column":69}},"44":{"start":{"line":86,"column":53},"end":{"line":86,"column":66}},"45":{"start":{"line":89,"column":8},"end":{"line":89,"column":59}},"46":{"start":{"line":91,"column":4},"end":{"line":98,"column":11}},"47":{"start":{"line":93,"column":28},"end":{"line":93,"column":65}},"48":{"start":{"line":94,"column":12},"end":{"line":94,"column":30}},"49":{"start":{"line":95,"column":12},"end":{"line":95,"column":37}},"50":{"start":{"line":97,"column":8},"end":{"line":97,"column":21}},"51":{"start":{"line":99,"column":4},"end":{"line":142,"column":7}},"52":{"start":{"line":100,"column":22},"end":{"line":100,"column":63}},"53":{"start":{"line":100,"column":38},"end":{"line":100,"column":63}},"54":{"start":{"line":101,"column":23},"end":{"line":104,"column":51}},"55":{"start":{"line":101,"column":32},"end":{"line":104,"column":51}},"56":{"start":{"line":102,"column":36},"end":{"line":102,"column":50}},"57":{"start":{"line":103,"column":38},"end":{"line":103,"column":112}},"58":{"start":{"line":104,"column":33},"end":{"line":104,"column":43}},"59":{"start":{"line":105,"column":8},"end":{"line":131,"column":9}},"60":{"start":{"line":106,"column":26},"end":{"line":106,"column":38}},"61":{"start":{"line":107,"column":29},"end":{"line":107,"column":58}},"62":{"start":{"line":108,"column":12},"end":{"line":130,"column":13}},"63":{"start":{"line":109,"column":39},"end":{"line":109,"column":74}},"64":{"start":{"line":110,"column":16},"end":{"line":110,"column":46}},"65":{"start":{"line":111,"column":16},"end":{"line":111,"column":29}},"66":{"start":{"line":112,"column":16},"end":{"line":112,"column":41}},"67":{"start":{"line":113,"column":16},"end":{"line":113,"column":48}},"68":{"start":{"line":114,"column":16},"end":{"line":114,"column":28}},"69":{"start":{"line":116,"column":16},"end":{"line":128,"column":17}},"70":{"start":{"line":117,"column":20},"end":{"line":117,"column":119}},"71":{"start":{"line":119,"column":35},"end":{"line":119,"column":48}},"72":{"start":{"line":120,"column":20},"end":{"line":126,"column":21}},"73":{"start":{"line":121,"column":40},"end":{"line":121,"column":123}},"74":{"start":{"line":122,"column":24},"end":{"line":122,"column":55}},"75":{"start":{"line":123,"column":24},"end":{"line":123,"column":80}},"76":{"start":{"line":125,"column":24},"end":{"line":125,"column":36}},"77":{"start":{"line":127,"column":20},"end":{"line":127,"column":40}},"78":{"start":{"line":129,"column":16},"end":{"line":129,"column":23}},"79":{"start":{"line":132,"column":8},"end":{"line":134,"column":9}},"80":{"start":{"line":133,"column":12},"end":{"line":133,"column":65}},"81":{"start":{"line":135,"column":8},"end":{"line":137,"column":9}},"82":{"start":{"line":136,"column":12},"end":{"line":136,"column":55}},"83":{"start":{"line":138,"column":8},"end":{"line":141,"column":9}},"84":{"start":{"line":139,"column":29},"end":{"line":139,"column":34}},"85":{"start":{"line":140,"column":12},"end":{"line":140,"column":70}},"86":{"start":{"line":143,"column":4},"end":{"line":155,"column":16}},"87":{"start":{"line":149,"column":56},"end":{"line":152,"column":22}},"88":{"start":{"line":157,"column":0},"end":{"line":161,"column":2}},"89":{"start":{"line":162,"column":0},"end":{"line":166,"column":2}},"90":{"start":{"line":167,"column":0},"end":{"line":171,"column":2}},"91":{"start":{"line":172,"column":0},"end":{"line":176,"column":2}}},"fnMap":{"0":{"name":"(anonymous_0)","decl":{"start":{"line":17,"column":31},"end":{"line":17,"column":32}},"loc":{"start":{"line":17,"column":57},"end":{"line":26,"column":1}},"line":17},"1":{"name":"(anonymous_1)","decl":{"start":{"line":27,"column":27},"end":{"line":27,"column":28}},"loc":{"start":{"line":27,"column":56},"end":{"line":32,"column":6}},"line":27},"2":{"name":"(anonymous_2)","decl":{"start":{"line":33,"column":31},"end":{"line":33,"column":32}},"loc":{"start":{"line":33,"column":90},"end":{"line":48,"column":1}},"line":33},"3":{"name":"(anonymous_3)","decl":{"start":{"line":49,"column":20},"end":{"line":49,"column":21}},"loc":{"start":{"line":49,"column":47},"end":{"line":156,"column":1}},"line":49},"4":{"name":"(anonymous_4)","decl":{"start":{"line":67,"column":18},"end":{"line":67,"column":19}},"loc":{"start":{"line":67,"column":24},"end":{"line":71,"column":5}},"line":67},"5":{"name":"(anonymous_5)","decl":{"start":{"line":72,"column":25},"end":{"line":72,"column":26}},"loc":{"start":{"line":72,"column":34},"end":{"line":90,"column":5}},"line":72},"6":{"name":"(anonymous_6)","decl":{"start":{"line":74,"column":29},"end":{"line":74,"column":30}},"loc":{"start":{"line":74,"column":38},"end":{"line":74,"column":126}},"line":74},"7":{"name":"(anonymous_7)","decl":{"start":{"line":74,"column":59},"end":{"line":74,"column":60}},"loc":{"start":{"line":74,"column":72},"end":{"line":74,"column":100}},"line":74},"8":{"name":"(anonymous_8)","decl":{"start":{"line":86,"column":45},"end":{"line":86,"column":46}},"loc":{"start":{"line":86,"column":53},"end":{"line":86,"column":66}},"line":86},"9":{"name":"(anonymous_9)","decl":{"start":{"line":91,"column":14},"end":{"line":91,"column":15}},"loc":{"start":{"line":91,"column":20},"end":{"line":98,"column":5}},"line":91},"10":{"name":"getContent","decl":{"start":{"line":92,"column":23},"end":{"line":92,"column":33}},"loc":{"start":{"line":92,"column":36},"end":{"line":96,"column":9}},"line":92},"11":{"name":"(anonymous_11)","decl":{"start":{"line":99,"column":22},"end":{"line":99,"column":23}},"loc":{"start":{"line":99,"column":44},"end":{"line":142,"column":5}},"line":99},"12":{"name":"(anonymous_12)","decl":{"start":{"line":100,"column":22},"end":{"line":100,"column":23}},"loc":{"start":{"line":100,"column":38},"end":{"line":100,"column":63}},"line":100},"13":{"name":"(anonymous_13)","decl":{"start":{"line":101,"column":23},"end":{"line":101,"column":24}},"loc":{"start":{"line":101,"column":32},"end":{"line":104,"column":51}},"line":101},"14":{"name":"(anonymous_14)","decl":{"start":{"line":102,"column":30},"end":{"line":102,"column":31}},"loc":{"start":{"line":102,"column":36},"end":{"line":102,"column":50}},"line":102},"15":{"name":"(anonymous_15)","decl":{"start":{"line":103,"column":32},"end":{"line":103,"column":33}},"loc":{"start":{"line":103,"column":38},"end":{"line":103,"column":112}},"line":103},"16":{"name":"(anonymous_16)","decl":{"start":{"line":104,"column":17},"end":{"line":104,"column":18}},"loc":{"start":{"line":104,"column":33},"end":{"line":104,"column":43}},"line":104},"17":{"name":"(anonymous_17)","decl":{"start":{"line":149,"column":43},"end":{"line":149,"column":44}},"loc":{"start":{"line":149,"column":56},"end":{"line":152,"column":22}},"line":149}},"branchMap":{"0":{"loc":{"start":{"line":18,"column":20},"end":{"line":18,"column":44}},"type":"binary-expr","locations":[{"start":{"line":18,"column":20},"end":{"line":18,"column":38}},{"start":{"line":18,"column":42},"end":{"line":18,"column":44}}],"line":18},"1":{"loc":{"start":{"line":19,"column":18},"end":{"line":19,"column":53}},"type":"cond-expr","locations":[{"start":{"line":19,"column":26},"end":{"line":19,"column":49}},{"start":{"line":19,"column":52},"end":{"line":19,"column":53}}],"line":19},"2":{"loc":{"start":{"line":20,"column":21},"end":{"line":20,"column":38}},"type":"binary-expr","locations":[{"start":{"line":20,"column":21},"end":{"line":20,"column":26}},{"start":{"line":20,"column":30},"end":{"line":20,"column":38}}],"line":20},"3":{"loc":{"start":{"line":21,"column":11},"end":{"line":25,"column":10}},"type":"cond-expr","locations":[{"start":{"line":21,"column":26},"end":{"line":21,"column":67}},{"start":{"line":21,"column":70},"end":{"line":25,"column":10}}],"line":21},"4":{"loc":{"start":{"line":33,"column":40},"end":{"line":33,"column":63}},"type":"default-arg","locations":[{"start":{"line":33,"column":58},"end":{"line":33,"column":63}}],"line":33},"5":{"loc":{"start":{"line":33,"column":65},"end":{"line":33,"column":84}},"type":"default-arg","locations":[{"start":{"line":33,"column":82},"end":{"line":33,"column":84}}],"line":33},"6":{"loc":{"start":{"line":34,"column":24},"end":{"line":34,"column":135}},"type":"cond-expr","locations":[{"start":{"line":34,"column":42},"end":{"line":34,"column":84}},{"start":{"line":34,"column":87},"end":{"line":34,"column":135}}],"line":34},"7":{"loc":{"start":{"line":37,"column":13},"end":{"line":45,"column":27}},"type":"cond-expr","locations":[{"start":{"line":38,"column":16},"end":{"line":42,"column":27}},{"start":{"line":43,"column":16},"end":{"line":45,"column":27}}],"line":37},"8":{"loc":{"start":{"line":50,"column":11},"end":{"line":50,"column":37}},"type":"default-arg","locations":[{"start":{"line":50,"column":24},"end":{"line":50,"column":37}}],"line":50},"9":{"loc":{"start":{"line":74,"column":38},"end":{"line":74,"column":126}},"type":"binary-expr","locations":[{"start":{"line":74,"column":38},"end":{"line":74,"column":101}},{"start":{"line":74,"column":105},"end":{"line":74,"column":126}}],"line":74},"10":{"loc":{"start":{"line":75,"column":8},"end":{"line":88,"column":9}},"type":"if","locations":[{"start":{"line":75,"column":8},"end":{"line":88,"column":9}},{"start":{"line":75,"column":8},"end":{"line":88,"column":9}}],"line":75},"11":{"loc":{"start":{"line":83,"column":12},"end":{"line":87,"column":13}},"type":"if","locations":[{"start":{"line":83,"column":12},"end":{"line":87,"column":13}},{"start":{"line":83,"column":12},"end":{"line":87,"column":13}}],"line":83},"12":{"loc":{"start":{"line":89,"column":8},"end":{"line":89,"column":58}},"type":"binary-expr","locations":[{"start":{"line":89,"column":8},"end":{"line":89,"column":28}},{"start":{"line":89,"column":32},"end":{"line":89,"column":58}}],"line":89},"13":{"loc":{"start":{"line":99,"column":4},"end":{"line":142,"column":6}},"type":"binary-expr","locations":[{"start":{"line":99,"column":4},"end":{"line":99,"column":9}},{"start":{"line":99,"column":13},"end":{"line":142,"column":6}}],"line":99},"14":{"loc":{"start":{"line":100,"column":38},"end":{"line":100,"column":63}},"type":"binary-expr","locations":[{"start":{"line":100,"column":38},"end":{"line":100,"column":51}},{"start":{"line":100,"column":55},"end":{"line":100,"column":63}}],"line":100},"15":{"loc":{"start":{"line":102,"column":12},"end":{"line":102,"column":55}},"type":"cond-expr","locations":[{"start":{"line":102,"column":30},"end":{"line":102,"column":50}},{"start":{"line":102,"column":53},"end":{"line":102,"column":55}}],"line":102},"16":{"loc":{"start":{"line":103,"column":12},"end":{"line":103,"column":112}},"type":"cond-expr","locations":[{"start":{"line":103,"column":27},"end":{"line":103,"column":29}},{"start":{"line":103,"column":32},"end":{"line":103,"column":112}}],"line":103},"17":{"loc":{"start":{"line":103,"column":44},"end":{"line":103,"column":76}},"type":"cond-expr","locations":[{"start":{"line":103,"column":58},"end":{"line":103,"column":65}},{"start":{"line":103,"column":68},"end":{"line":103,"column":76}}],"line":103},"18":{"loc":{"start":{"line":105,"column":8},"end":{"line":131,"column":9}},"type":"if","locations":[{"start":{"line":105,"column":8},"end":{"line":131,"column":9}},{"start":{"line":105,"column":8},"end":{"line":131,"column":9}}],"line":105},"19":{"loc":{"start":{"line":108,"column":12},"end":{"line":130,"column":13}},"type":"if","locations":[{"start":{"line":108,"column":12},"end":{"line":130,"column":13}},{"start":{"line":108,"column":12},"end":{"line":130,"column":13}}],"line":108},"20":{"loc":{"start":{"line":116,"column":16},"end":{"line":128,"column":17}},"type":"if","locations":[{"start":{"line":116,"column":16},"end":{"line":128,"column":17}},{"start":{"line":116,"column":16},"end":{"line":128,"column":17}}],"line":116},"21":{"loc":{"start":{"line":116,"column":20},"end":{"line":116,"column":54}},"type":"binary-expr","locations":[{"start":{"line":116,"column":20},"end":{"line":116,"column":35}},{"start":{"line":116,"column":39},"end":{"line":116,"column":54}}],"line":116},"22":{"loc":{"start":{"line":121,"column":40},"end":{"line":121,"column":123}},"type":"cond-expr","locations":[{"start":{"line":121,"column":78},"end":{"line":121,"column":114}},{"start":{"line":121,"column":117},"end":{"line":121,"column":123}}],"line":121},"23":{"loc":{"start":{"line":121,"column":41},"end":{"line":121,"column":74}},"type":"binary-expr","locations":[{"start":{"line":121,"column":41},"end":{"line":121,"column":56}},{"start":{"line":121,"column":60},"end":{"line":121,"column":74}}],"line":121},"24":{"loc":{"start":{"line":123,"column":24},"end":{"line":123,"column":79}},"type":"binary-expr","locations":[{"start":{"line":123,"column":24},"end":{"line":123,"column":38}},{"start":{"line":123,"column":42},"end":{"line":123,"column":79}}],"line":123},"25":{"loc":{"start":{"line":132,"column":8},"end":{"line":134,"column":9}},"type":"if","locations":[{"start":{"line":132,"column":8},"end":{"line":134,"column":9}},{"start":{"line":132,"column":8},"end":{"line":134,"column":9}}],"line":132},"26":{"loc":{"start":{"line":133,"column":21},"end":{"line":133,"column":63}},"type":"cond-expr","locations":[{"start":{"line":133,"column":50},"end":{"line":133,"column":51}},{"start":{"line":133,"column":54},"end":{"line":133,"column":63}}],"line":133},"27":{"loc":{"start":{"line":135,"column":8},"end":{"line":137,"column":9}},"type":"if","locations":[{"start":{"line":135,"column":8},"end":{"line":137,"column":9}},{"start":{"line":135,"column":8},"end":{"line":137,"column":9}}],"line":135},"28":{"loc":{"start":{"line":138,"column":8},"end":{"line":141,"column":9}},"type":"if","locations":[{"start":{"line":138,"column":8},"end":{"line":141,"column":9}},{"start":{"line":138,"column":8},"end":{"line":141,"column":9}}],"line":138},"29":{"loc":{"start":{"line":140,"column":21},"end":{"line":140,"column":68}},"type":"cond-expr","locations":[{"start":{"line":140,"column":38},"end":{"line":140,"column":48}},{"start":{"line":140,"column":51},"end":{"line":140,"column":68}}],"line":140},"30":{"loc":{"start":{"line":143,"column":11},"end":{"line":155,"column":15}},"type":"cond-expr","locations":[{"start":{"line":143,"column":19},"end":{"line":143,"column":64}},{"start":{"line":143,"column":67},"end":{"line":155,"column":15}}],"line":143},"31":{"loc":{"start":{"line":144,"column":9},"end":{"line":144,"column":114}},"type":"binary-expr","locations":[{"start":{"line":144,"column":9},"end":{"line":144,"column":14}},{"start":{"line":144,"column":18},"end":{"line":144,"column":114}}],"line":144},"32":{"loc":{"start":{"line":145,"column":9},"end":{"line":154,"column":18}},"type":"cond-expr","locations":[{"start":{"line":146,"column":12},"end":{"line":146,"column":122}},{"start":{"line":147,"column":12},"end":{"line":154,"column":18}}],"line":145},"33":{"loc":{"start":{"line":146,"column":12},"end":{"line":146,"column":122}},"type":"binary-expr","locations":[{"start":{"line":146,"column":12},"end":{"line":146,"column":17}},{"start":{"line":146,"column":21},"end":{"line":146,"column":122}}],"line":146},"34":{"loc":{"start":{"line":150,"column":21},"end":{"line":150,"column":87}},"type":"cond-expr","locations":[{"start":{"line":150,"column":35},"end":{"line":150,"column":67}},{"start":{"line":150,"column":70},"end":{"line":150,"column":87}}],"line":150},"35":{"loc":{"start":{"line":153,"column":17},"end":{"line":153,"column":91}},"type":"binary-expr","locations":[{"start":{"line":153,"column":17},"end":{"line":153,"column":37}},{"start":{"line":153,"column":41},"end":{"line":153,"column":91}}],"line":153}},"s":{"0":1,"1":1,"2":1,"3":1,"4":1,"5":1,"6":5,"7":5,"8":5,"9":5,"10":1,"11":1,"12":1,"13":3,"14":3,"15":1,"16":0,"17":0,"18":0,"19":0,"20":0,"21":0,"22":0,"23":0,"24":0,"25":0,"26":0,"27":0,"28":0,"29":0,"30":0,"31":0,"32":0,"33":0,"34":0,"35":0,"36":0,"37":0,"38":0,"39":0,"40":0,"41":0,"42":0,"43":0,"44":0,"45":0,"46":0,"47":0,"48":0,"49":0,"50":0,"51":0,"52":0,"53":0,"54":0,"55":0,"56":0,"57":0,"58":0,"59":0,"60":0,"61":0,"62":0,"63":0,"64":0,"65":0,"66":0,"67":0,"68":0,"69":0,"70":0,"71":0,"72":0,"73":0,"74":0,"75":0,"76":0,"77":0,"78":0,"79":0,"80":0,"81":0,"82":0,"83":0,"84":0,"85":0,"86":0,"87":0,"88":1,"89":1,"90":1,"91":1},"f":{"0":5,"1":1,"2":3,"3":0,"4":0,"5":0,"6":0,"7":0,"8":0,"9":0,"10":0,"11":0,"12":0,"13":0,"14":0,"15":0,"16":0,"17":0},"b":{"0":[5,1],"1":[3,2],"2":[5,2],"3":[1,4],"4":[2],"5":[2],"6":[1,2],"7":[1,2],"8":[0],"9":[0,0],"10":[0,0],"11":[0,0],"12":[0,0],"13":[0,0],"14":[0,0],"15":[0,0],"16":[0,0],"17":[0,0],"18":[0,0],"19":[0,0],"20":[0,0],"21":[0,0],"22":[0,0],"23":[0,0],"24":[0,0],"25":[0,0],"26":[0,0],"27":[0,0],"28":[0,0],"29":[0,0],"30":[0,0],"31":[0,0],"32":[0,0],"33":[0,0],"34":[0,0],"35":[0,0]},"_coverageSchema":"43e27e138ebf9cfc5966b082cf9a028302ed4184","hash":"a7de8c7cd3cc7fd7829b55cd963a39c5b64b790b"}
}
